2026-05-25 22:00:19,557 - INFO - Python Course, adedd!
2026-05-25 22:00:19,557 - INFO - Laptop, adedd!
2026-05-25 22:00:19,557 - INFO - Seb, adedd!
2026-05-25 22:00:19,557 - INFO - Bozi, adedd!
2026-05-25 22:00:19,557 - INFO - Laptop, sold!
2026-05-25 22:00:19,557 - INFO - Python Course, sold!
2026-05-25 22:00:19,557 - INFO - Python Course, aded to cart!
2026-05-25 22:00:19,557 - INFO - Laptop, aded to cart!
2026-05-25 22:00:19,557 - INFO - 14430, paid!
2026-05-25 22:00:19,557 - INFO - Order #1, delivered!
2026-05-25 22:00:19,558 - INFO - Product saved!
2026-05-25 22:00:19,558 - INFO - Product saved!
2026-05-25 22:00:19,558 - INFO - Seb, aded to cart!
2026-05-25 22:00:19,558 - INFO - Python Course, aded to cart!
2026-05-25 22:00:19,558 - INFO - Laptop, aded to cart!
2026-05-25 22:00:19,558 - INFO - Korzina xoli shud!
2026-05-25 22:00:48,175 - INFO - Python Course, adedd!
2026-05-25 22:00:48,175 - INFO - Laptop, adedd!
2026-05-25 22:00:48,176 - INFO - Seb, adedd!
2026-05-25 22:00:48,176 - INFO - Bozi, adedd!
2026-05-25 22:00:48,176 - INFO - Laptop, sold!
2026-05-25 22:00:48,176 - INFO - Python Course, sold!
2026-05-25 22:00:48,176 - INFO - Python Course, aded to cart!
2026-05-25 22:00:48,176 - INFO - Laptop, aded to cart!
2026-05-25 22:00:48,176 - INFO - 14430, paid!
2026-05-25 22:00:48,176 - INFO - Order #1, delivered!
2026-05-25 22:00:48,176 - INFO - Product saved!
2026-05-25 22:00:48,176 - INFO - Product saved!
2026-05-25 22:00:48,177 - INFO - Seb, aded to cart!
2026-05-25 22:00:48,177 - INFO - Python Course, aded to cart!
2026-05-25 22:00:48,177 - INFO - Laptop, aded to cart!
2026-05-25 22:00:48,177 - INFO - Korzina xoli shud!
2026-05-26 15:12:43,890 - INFO - Python Course, adedd!
2026-05-26 15:12:43,890 - INFO - Laptop, adedd!
2026-05-26 15:12:43,890 - INFO - Seb, adedd!
2026-05-26 15:12:43,890 - INFO - Bozi, adedd!
2026-05-26 15:12:43,891 - INFO - Laptop, sold!
2026-05-26 15:12:43,891 - INFO - Python Course, sold!
2026-05-26 15:12:43,891 - INFO - Python Course, aded to cart!
2026-05-26 15:12:43,891 - INFO - Laptop, aded to cart!
2026-05-26 15:12:43,891 - INFO - 14430, paid!
2026-05-26 15:12:43,891 - INFO - Order #1, delivered!
2026-05-26 15:12:43,891 - INFO - Product saved!
2026-05-26 15:12:43,891 - INFO - Product saved!
2026-05-26 15:12:43,891 - INFO - Seb, aded to cart!
2026-05-26 15:12:43,891 - INFO - Python Course, aded to cart!
2026-05-26 15:12:43,891 - INFO - Laptop, aded to cart!
2026-05-26 15:12:43,891 - INFO - Korzina xoli shud!
2026-05-26 15:12:45,825 - INFO - Python Course, adedd!
2026-05-26 15:12:45,825 - INFO - Laptop, adedd!
2026-05-26 15:12:45,825 - INFO - Seb, adedd!
2026-05-26 15:12:45,825 - INFO - Bozi, adedd!
2026-05-26 15:12:45,825 - INFO - Laptop, sold!
2026-05-26 15:12:45,825 - INFO - Python Course, sold!
2026-05-26 15:12:45,825 - INFO - Python Course, aded to cart!
2026-05-26 15:12:45,826 - INFO - Laptop, aded to cart!
2026-05-26 15:12:45,826 - INFO - 14430, paid!
2026-05-26 15:12:45,826 - INFO - Order #1, delivered!
2026-05-26 15:12:45,826 - INFO - Product saved!
2026-05-26 15:12:45,826 - INFO - Product saved!
2026-05-26 15:12:45,826 - INFO - Seb, aded to cart!
2026-05-26 15:12:45,826 - INFO - Python Course, aded to cart!
2026-05-26 15:12:45,826 - INFO - Laptop, aded to cart!
2026-05-26 15:12:45,827 - INFO - Korzina xoli shud!
2026-05-26 15:12:46,486 - INFO - Python Course, adedd!
2026-05-26 15:12:46,486 - INFO - Laptop, adedd!
2026-05-26 15:12:46,486 - INFO - Seb, adedd!
2026-05-26 15:12:46,486 - INFO - Bozi, adedd!
2026-05-26 15:12:46,486 - INFO - Laptop, sold!
2026-05-26 15:12:46,486 - INFO - Python Course, sold!
2026-05-26 15:12:46,486 - INFO - Python Course, aded to cart!
2026-05-26 15:12:46,486 - INFO - Laptop, aded to cart!
2026-05-26 15:12:46,486 - INFO - 14430, paid!
2026-05-26 15:12:46,486 - INFO - Order #1, delivered!
2026-05-26 15:12:46,487 - INFO - Product saved!
2026-05-26 15:12:46,487 - INFO - Product saved!
2026-05-26 15:12:46,487 - INFO - Seb, aded to cart!
2026-05-26 15:12:46,487 - INFO - Python Course, aded to cart!
2026-05-26 15:12:46,487 - INFO - Laptop, aded to cart!
2026-05-26 15:12:46,487 - INFO - Korzina xoli shud!
2026-05-26 15:12:46,966 - INFO - Python Course, adedd!
2026-05-26 15:12:46,966 - INFO - Laptop, adedd!
2026-05-26 15:12:46,966 - INFO - Seb, adedd!
2026-05-26 15:12:46,966 - INFO - Bozi, adedd!
2026-05-26 15:12:46,967 - INFO - Laptop, sold!
2026-05-26 15:12:46,967 - INFO - Python Course, sold!
2026-05-26 15:12:46,967 - INFO - Python Course, aded to cart!
2026-05-26 15:12:46,967 - INFO - Laptop, aded to cart!
2026-05-26 15:12:46,967 - INFO - 14430, paid!
2026-05-26 15:12:46,967 - INFO - Order #1, delivered!
2026-05-26 15:12:46,967 - INFO - Product saved!
2026-05-26 15:12:46,967 - INFO - Product saved!
2026-05-26 15:12:46,967 - INFO - Seb, aded to cart!
2026-05-26 15:12:46,967 - INFO - Python Course, aded to cart!
2026-05-26 15:12:46,967 - INFO - Laptop, aded to cart!
2026-05-26 15:12:46,968 - INFO - Korzina xoli shud!
2026-05-26 15:12:47,434 - INFO - Python Course, adedd!
2026-05-26 15:12:47,434 - INFO - Laptop, adedd!
2026-05-26 15:12:47,434 - INFO - Seb, adedd!
2026-05-26 15:12:47,434 - INFO - Bozi, adedd!
2026-05-26 15:12:47,434 - INFO - Laptop, sold!
2026-05-26 15:12:47,434 - INFO - Python Course, sold!
2026-05-26 15:12:47,434 - INFO - Python Course, aded to cart!
2026-05-26 15:12:47,434 - INFO - Laptop, aded to cart!
2026-05-26 15:12:47,434 - INFO - 14430, paid!
2026-05-26 15:12:47,434 - INFO - Order #1, delivered!
2026-05-26 15:12:47,435 - INFO - Product saved!
2026-05-26 15:12:47,435 - INFO - Product saved!
2026-05-26 15:12:47,435 - INFO - Seb, aded to cart!
2026-05-26 15:12:47,435 - INFO - Python Course, aded to cart!
2026-05-26 15:12:47,435 - INFO - Laptop, aded to cart!
2026-05-26 15:12:47,435 - INFO - Korzina xoli shud!
2026-05-26 15:13:14,013 - INFO - Python Course, adedd!
2026-05-26 15:13:14,013 - INFO - Laptop, adedd!
2026-05-26 15:13:14,013 - INFO - Seb, adedd!
2026-05-26 15:13:14,013 - INFO - Bozi, adedd!
2026-05-26 15:13:14,013 - INFO - Laptop, sold!
2026-05-26 15:13:14,013 - INFO - Python Course, sold!
2026-05-26 15:13:14,013 - INFO - Python Course, aded to cart!
2026-05-26 15:13:14,013 - INFO - Laptop, aded to cart!
2026-05-26 15:13:14,013 - INFO - 14430, paid!
2026-05-26 15:13:14,013 - INFO - Order #1, delivered!
2026-05-26 15:13:14,014 - INFO - Product saved!
2026-05-26 15:13:14,014 - INFO - Product saved!
2026-05-26 15:13:14,014 - INFO - Seb, aded to cart!
2026-05-26 15:13:14,014 - INFO - Python Course, aded to cart!
2026-05-26 15:13:14,014 - INFO - Laptop, aded to cart!
2026-05-26 15:13:14,014 - INFO - Korzina xoli shud!
2026-05-26 15:13:16,757 - INFO - Python Course, adedd!
2026-05-26 15:13:16,758 - INFO - Laptop, adedd!
2026-05-26 15:13:16,758 - INFO - Seb, adedd!
2026-05-26 15:13:16,758 - INFO - Bozi, adedd!
2026-05-26 15:13:16,758 - INFO - Laptop, sold!
2026-05-26 15:13:16,758 - INFO - Python Course, sold!
2026-05-26 15:13:16,758 - INFO - Python Course, aded to cart!
2026-05-26 15:13:16,758 - INFO - Laptop, aded to cart!
2026-05-26 15:13:16,758 - INFO - 14430, paid!
2026-05-26 15:13:16,758 - INFO - Order #1, delivered!
2026-05-26 15:13:16,758 - INFO - Product saved!
2026-05-26 15:13:16,759 - INFO - Product saved!
2026-05-26 15:13:16,759 - INFO - Seb, aded to cart!
2026-05-26 15:13:16,759 - INFO - Python Course, aded to cart!
2026-05-26 15:13:16,759 - INFO - Laptop, aded to cart!
2026-05-26 15:13:16,759 - INFO - Korzina xoli shud!
2026-05-26 15:13:17,286 - INFO - Python Course, adedd!
2026-05-26 15:13:17,286 - INFO - Laptop, adedd!
2026-05-26 15:13:17,286 - INFO - Seb, adedd!
2026-05-26 15:13:17,286 - INFO - Bozi, adedd!
2026-05-26 15:13:17,286 - INFO - Laptop, sold!
2026-05-26 15:13:17,287 - INFO - Python Course, sold!
2026-05-26 15:13:17,287 - INFO - Python Course, aded to cart!
2026-05-26 15:13:17,287 - INFO - Laptop, aded to cart!
2026-05-26 15:13:17,287 - INFO - 14430, paid!
2026-05-26 15:13:17,287 - INFO - Order #1, delivered!
2026-05-26 15:13:17,287 - INFO - Product saved!
2026-05-26 15:13:17,287 - INFO - Product saved!
2026-05-26 15:13:17,287 - INFO - Seb, aded to cart!
2026-05-26 15:13:17,287 - INFO - Python Course, aded to cart!
2026-05-26 15:13:17,287 - INFO - Laptop, aded to cart!
2026-05-26 15:13:17,288 - INFO - Korzina xoli shud!
2026-05-26 15:13:17,680 - INFO - Python Course, adedd!
2026-05-26 15:13:17,680 - INFO - Laptop, adedd!
2026-05-26 15:13:17,680 - INFO - Seb, adedd!
2026-05-26 15:13:17,680 - INFO - Bozi, adedd!
2026-05-26 15:13:17,680 - INFO - Laptop, sold!
2026-05-26 15:13:17,680 - INFO - Python Course, sold!
2026-05-26 15:13:17,680 - INFO - Python Course, aded to cart!
2026-05-26 15:13:17,680 - INFO - Laptop, aded to cart!
2026-05-26 15:13:17,681 - INFO - 14430, paid!
2026-05-26 15:13:17,681 - INFO - Order #1, delivered!
2026-05-26 15:13:17,681 - INFO - Product saved!
2026-05-26 15:13:17,681 - INFO - Product saved!
2026-05-26 15:13:17,681 - INFO - Seb, aded to cart!
2026-05-26 15:13:17,681 - INFO - Python Course, aded to cart!
2026-05-26 15:13:17,681 - INFO - Laptop, aded to cart!
2026-05-26 15:13:17,682 - INFO - Korzina xoli shud!
2026-05-26 15:13:18,746 - INFO - Python Course, adedd!
2026-05-26 15:13:18,747 - INFO - Laptop, adedd!
2026-05-26 15:13:18,747 - INFO - Seb, adedd!
2026-05-26 15:13:18,747 - INFO - Bozi, adedd!
2026-05-26 15:13:18,747 - INFO - Laptop, sold!
2026-05-26 15:13:18,747 - INFO - Python Course, sold!
2026-05-26 15:13:18,747 - INFO - Python Course, aded to cart!
2026-05-26 15:13:18,747 - INFO - Laptop, aded to cart!
2026-05-26 15:13:18,747 - INFO - 14430, paid!
2026-05-26 15:13:18,747 - INFO - Order #1, delivered!
2026-05-26 15:13:18,747 - INFO - Product saved!
2026-05-26 15:13:18,748 - INFO - Product saved!
2026-05-26 15:13:18,748 - INFO - Seb, aded to cart!
2026-05-26 15:13:18,748 - INFO - Python Course, aded to cart!
2026-05-26 15:13:18,748 - INFO - Laptop, aded to cart!
2026-05-26 15:13:18,748 - INFO - Korzina xoli shud!
2026-05-26 15:13:19,223 - INFO - Python Course, adedd!
2026-05-26 15:13:19,223 - INFO - Laptop, adedd!
2026-05-26 15:13:19,223 - INFO - Seb, adedd!
2026-05-26 15:13:19,223 - INFO - Bozi, adedd!
2026-05-26 15:13:19,223 - INFO - Laptop, sold!
2026-05-26 15:13:19,223 - INFO - Python Course, sold!
2026-05-26 15:13:19,223 - INFO - Python Course, aded to cart!
2026-05-26 15:13:19,223 - INFO - Laptop, aded to cart!
2026-05-26 15:13:19,223 - INFO - 14430, paid!
2026-05-26 15:13:19,224 - INFO - Order #1, delivered!
2026-05-26 15:13:19,224 - INFO - Product saved!
2026-05-26 15:13:19,224 - INFO - Product saved!
2026-05-26 15:13:19,224 - INFO - Seb, aded to cart!
2026-05-26 15:13:19,224 - INFO - Python Course, aded to cart!
2026-05-26 15:13:19,224 - INFO - Laptop, aded to cart!
2026-05-26 15:13:19,224 - INFO - Korzina xoli shud!
2026-05-26 15:13:19,713 - INFO - Python Course, adedd!
2026-05-26 15:13:19,714 - INFO - Laptop, adedd!
2026-05-26 15:13:19,714 - INFO - Seb, adedd!
2026-05-26 15:13:19,714 - INFO - Bozi, adedd!
2026-05-26 15:13:19,714 - INFO - Laptop, sold!
2026-05-26 15:13:19,714 - INFO - Python Course, sold!
2026-05-26 15:13:19,714 - INFO - Python Course, aded to cart!
2026-05-26 15:13:19,714 - INFO - Laptop, aded to cart!
2026-05-26 15:13:19,714 - INFO - 14430, paid!
2026-05-26 15:13:19,714 - INFO - Order #1, delivered!
2026-05-26 15:13:19,715 - INFO - Product saved!
2026-05-26 15:13:19,715 - INFO - Product saved!
2026-05-26 15:13:19,715 - INFO - Seb, aded to cart!
2026-05-26 15:13:19,715 - INFO - Python Course, aded to cart!
2026-05-26 15:13:19,715 - INFO - Laptop, aded to cart!
2026-05-26 15:13:19,715 - INFO - Korzina xoli shud!
2026-05-26 15:13:26,829 - INFO - Python Course, adedd!
2026-05-26 15:13:26,829 - INFO - Laptop, adedd!
2026-05-26 15:13:26,829 - INFO - Seb, adedd!
2026-05-26 15:13:26,829 - INFO - Bozi, adedd!
2026-05-26 15:13:26,829 - INFO - Laptop, sold!
2026-05-26 15:13:26,829 - INFO - Python Course, sold!
2026-05-26 15:13:26,829 - INFO - Python Course, aded to cart!
2026-05-26 15:13:26,829 - INFO - Laptop, aded to cart!
2026-05-26 15:13:26,829 - INFO - 14430, paid!
2026-05-26 15:13:26,829 - INFO - Order #1, delivered!
2026-05-26 15:13:26,830 - INFO - Product saved!
2026-05-26 15:13:26,830 - INFO - Product saved!
2026-05-26 15:13:26,830 - INFO - Seb, aded to cart!
2026-05-26 15:13:26,830 - INFO - Python Course, aded to cart!
2026-05-26 15:13:26,830 - INFO - Laptop, aded to cart!
2026-05-26 15:13:26,830 - INFO - Korzina xoli shud!
2026-05-26 15:13:27,187 - INFO - Python Course, adedd!
2026-05-26 15:13:27,187 - INFO - Laptop, adedd!
2026-05-26 15:13:27,188 - INFO - Seb, adedd!
2026-05-26 15:13:27,188 - INFO - Bozi, adedd!
2026-05-26 15:13:27,188 - INFO - Laptop, sold!
2026-05-26 15:13:27,188 - INFO - Python Course, sold!
2026-05-26 15:13:27,188 - INFO - Python Course, aded to cart!
2026-05-26 15:13:27,188 - INFO - Laptop, aded to cart!
2026-05-26 15:13:27,188 - INFO - 14430, paid!
2026-05-26 15:13:27,188 - INFO - Order #1, delivered!
2026-05-26 15:13:27,188 - INFO - Product saved!
2026-05-26 15:13:27,189 - INFO - Product saved!
2026-05-26 15:13:27,189 - INFO - Seb, aded to cart!
2026-05-26 15:13:27,189 - INFO - Python Course, aded to cart!
2026-05-26 15:13:27,189 - INFO - Laptop, aded to cart!
2026-05-26 15:13:27,189 - INFO - Korzina xoli shud!
2026-05-26 15:13:27,473 - INFO - Python Course, adedd!
2026-05-26 15:13:27,473 - INFO - Laptop, adedd!
2026-05-26 15:13:27,473 - INFO - Seb, adedd!
2026-05-26 15:13:27,473 - INFO - Bozi, adedd!
2026-05-26 15:13:27,473 - INFO - Laptop, sold!
2026-05-26 15:13:27,473 - INFO - Python Course, sold!
2026-05-26 15:13:27,473 - INFO - Python Course, aded to cart!
2026-05-26 15:13:27,473 - INFO - Laptop, aded to cart!
2026-05-26 15:13:27,473 - INFO - 14430, paid!
2026-05-26 15:13:27,473 - INFO - Order #1, delivered!
2026-05-26 15:13:27,474 - INFO - Product saved!
2026-05-26 15:13:27,474 - INFO - Product saved!
2026-05-26 15:13:27,474 - INFO - Seb, aded to cart!
2026-05-26 15:13:27,474 - INFO - Python Course, aded to cart!
2026-05-26 15:13:27,474 - INFO - Laptop, aded to cart!
2026-05-26 15:13:27,474 - INFO - Korzina xoli shud!
2026-05-26 15:13:27,724 - INFO - Python Course, adedd!
2026-05-26 15:13:27,724 - INFO - Laptop, adedd!
2026-05-26 15:13:27,724 - INFO - Seb, adedd!
2026-05-26 15:13:27,725 - INFO - Bozi, adedd!
2026-05-26 15:13:27,725 - INFO - Laptop, sold!
2026-05-26 15:13:27,725 - INFO - Python Course, sold!
2026-05-26 15:13:27,725 - INFO - Python Course, aded to cart!
2026-05-26 15:13:27,725 - INFO - Laptop, aded to cart!
2026-05-26 15:13:27,725 - INFO - 14430, paid!
2026-05-26 15:13:27,725 - INFO - Order #1, delivered!
2026-05-26 15:13:27,726 - INFO - Product saved!
2026-05-26 15:13:27,726 - INFO - Product saved!
2026-05-26 15:13:27,726 - INFO - Seb, aded to cart!
2026-05-26 15:13:27,726 - INFO - Python Course, aded to cart!
2026-05-26 15:13:27,726 - INFO - Laptop, aded to cart!
2026-05-26 15:13:27,727 - INFO - Korzina xoli shud!
2026-05-26 17:35:58,692 - INFO - Python Course, adedd!
2026-05-26 17:35:58,692 - INFO - Laptop, adedd!
2026-05-26 17:35:58,692 - INFO - Seb, adedd!
2026-05-26 17:35:58,692 - INFO - Bozi, adedd!
2026-05-26 17:35:58,693 - INFO - Laptop, sold!
2026-05-26 17:35:58,693 - INFO - Python Course, sold!
2026-05-26 18:34:36,876 - INFO - Python Course, aded
2026-05-26 18:34:36,876 - INFO - Laptop, aded
2026-05-26 18:34:36,877 - INFO - Seb, aded
2026-05-26 18:34:36,877 - INFO - Bozi, aded
2026-05-26 18:34:36,877 - INFO - Laptop, sold!
2026-05-26 18:34:36,877 - INFO - Python Course, sold!
2026-05-26 18:35:00,476 - INFO - Python Course, aded
2026-05-26 18:35:00,476 - INFO - Laptop, aded
2026-05-26 18:35:00,476 - INFO - Seb, aded
2026-05-26 18:35:00,476 - INFO - Bozi, aded
2026-05-26 18:35:00,476 - INFO - Laptop, sold!
2026-05-26 18:35:00,476 - INFO - Python Course, sold!
2026-05-26 18:35:20,891 - INFO - Python Course, aded
2026-05-26 18:35:20,891 - INFO - Laptop, aded
2026-05-26 18:35:20,891 - INFO - Seb, aded
2026-05-26 18:35:20,891 - INFO - Bozi, aded
2026-05-26 18:35:20,891 - INFO - Laptop, sold!
2026-05-26 18:35:20,891 - INFO - Python Course, sold!
2026-05-26 18:39:37,775 - INFO - Python Course, aded
2026-05-26 18:39:37,775 - INFO - Laptop, aded
2026-05-26 18:39:37,775 - INFO - Seb, aded
2026-05-26 18:39:37,775 - INFO - Bozi, aded
2026-05-26 18:39:37,775 - INFO - Laptop, sold!
2026-05-26 18:39:37,775 - INFO - Python Course, sold!
2026-05-26 18:44:35,116 - INFO - Python Course, aded
2026-05-26 18:44:35,117 - INFO - Laptop, aded
2026-05-26 18:44:35,117 - INFO - Seb, aded
2026-05-26 18:44:35,117 - INFO - Bozi, aded
2026-05-26 18:44:35,117 - INFO - Laptop, sold!
2026-05-26 18:44:35,117 - INFO - Python Course, sold!
2026-05-26 18:50:57,814 - INFO - Python Course, aded
2026-05-26 18:50:57,814 - INFO - Laptop, aded
2026-05-26 18:50:57,814 - INFO - Seb, aded
2026-05-26 18:50:57,814 - INFO - Bozi, aded
2026-05-26 18:50:57,814 - INFO - Laptop, sold!
2026-05-26 18:50:57,815 - INFO - Python Course, sold!
2026-05-26 18:50:57,815 - INFO - Python Course, ba korzina vorid shud!
2026-05-26 18:50:57,815 - INFO - Laptop, ba korzina vorid shud!
2026-05-26 18:50:57,815 - INFO - Seb, ba korzina vorid shud!
2026-05-26 18:52:51,966 - INFO - Python Course, aded
2026-05-26 18:52:51,966 - INFO - Laptop, aded
2026-05-26 18:52:51,966 - INFO - Seb, aded
2026-05-26 18:52:51,966 - INFO - Bozi, aded
2026-05-26 18:52:51,967 - INFO - Laptop, sold!
2026-05-26 18:52:51,967 - INFO - Python Course, sold!
2026-05-26 18:52:51,967 - INFO - Python Course, ba korzina vorid shud!
2026-05-26 18:52:51,967 - INFO - Laptop, ba korzina vorid shud!
2026-05-26 18:52:51,967 - INFO - Seb, ba korzina vorid shud!
2026-05-26 18:53:39,480 - INFO - Python Course, aded
2026-05-26 18:53:39,481 - INFO - Laptop, aded
2026-05-26 18:53:39,481 - INFO - Seb, aded
2026-05-26 18:53:39,481 - INFO - Bozi, aded
2026-05-26 18:53:39,481 - INFO - Laptop, sold!
2026-05-26 18:53:39,481 - INFO - Python Course, sold!
2026-05-26 18:53:39,481 - INFO - Python Course, ba korzina vorid shud!
2026-05-26 18:53:39,481 - INFO - Laptop, ba korzina vorid shud!
2026-05-26 18:53:39,481 - INFO - Seb, ba korzina vorid shud!
2026-05-26 18:54:40,853 - INFO - Python Course, aded
2026-05-26 18:54:40,853 - INFO - Laptop, aded
2026-05-26 18:54:40,853 - INFO - Seb, aded
2026-05-26 18:54:40,854 - INFO - Bozi, aded
2026-05-26 18:54:40,854 - INFO - Laptop, sold!
2026-05-26 18:54:40,854 - INFO - Python Course, sold!
2026-05-26 18:54:40,854 - INFO - Python Course, ba korzina vorid shud!
2026-05-26 18:54:40,854 - INFO - Laptop, ba korzina vorid shud!
2026-05-26 18:54:40,854 - INFO - Seb, ba korzina vorid shud!
2026-05-26 18:55:25,670 - INFO - Python Course, aded
2026-05-26 18:55:25,670 - INFO - Laptop, aded
2026-05-26 18:55:25,670 - INFO - Seb, aded
2026-05-26 18:55:25,670 - INFO - Bozi, aded
2026-05-26 18:55:25,670 - INFO - Laptop, sold!
2026-05-26 18:55:25,670 - INFO - Python Course, sold!
2026-05-26 18:55:25,670 - INFO - Python Course, ba korzina vorid shud!
2026-05-26 18:55:25,670 - INFO - Laptop, ba korzina vorid shud!
2026-05-26 18:55:25,670 - INFO - Seb, ba korzina vorid shud!
2026-05-26 18:56:05,404 - INFO - Python Course, aded
2026-05-26 18:56:05,404 - INFO - Laptop, aded
2026-05-26 18:56:05,404 - INFO - Seb, aded
2026-05-26 18:56:05,404 - INFO - Bozi, aded
2026-05-26 18:56:05,405 - INFO - Laptop, sold!
2026-05-26 18:56:05,405 - INFO - Python Course, sold!
2026-05-26 18:56:05,405 - INFO - Python Course, ba korzina vorid shud!
2026-05-26 18:56:05,405 - INFO - Laptop, ba korzina vorid shud!
2026-05-26 18:56:05,405 - INFO - Seb, ba korzina vorid shud!
2026-05-26 19:06:12,890 - INFO - Python Course, aded
2026-05-26 19:06:12,890 - INFO - Laptop, aded
2026-05-26 19:06:12,890 - INFO - Seb, aded
2026-05-26 19:06:12,890 - INFO - Bozi, aded
2026-05-26 19:06:12,891 - INFO - Laptop, sold!
2026-05-26 19:06:12,891 - INFO - Python Course, sold!
2026-05-26 19:06:12,891 - INFO - Python Course, ba korzina vorid shud!
2026-05-26 19:06:12,891 - INFO - Laptop, ba korzina vorid shud!
2026-05-26 19:06:12,891 - INFO - Seb, ba korzina vorid shud!
2026-05-26 19:07:13,965 - INFO - Python Course, aded
2026-05-26 19:07:13,966 - INFO - Laptop, aded
2026-05-26 19:07:13,966 - INFO - Seb, aded
2026-05-26 19:07:13,966 - INFO - Bozi, aded
2026-05-26 19:07:13,966 - INFO - Laptop, sold!
2026-05-26 19:07:13,966 - INFO - Python Course, sold!
2026-05-26 19:07:13,966 - INFO - Python Course, ba korzina vorid shud!
2026-05-26 19:07:13,966 - INFO - Laptop, ba korzina vorid shud!
2026-05-26 19:07:13,966 - INFO - Seb, ba korzina vorid shud!
2026-05-26 19:08:19,421 - INFO - Python Course, aded
2026-05-26 19:08:19,421 - INFO - Laptop, aded
2026-05-26 19:08:19,421 - INFO - Seb, aded
2026-05-26 19:08:19,421 - INFO - Bozi, aded
2026-05-26 19:08:19,421 - INFO - Laptop, sold!
2026-05-26 19:08:19,421 - INFO - Python Course, sold!
2026-05-26 19:08:19,421 - INFO - Python Course, ba korzina vorid shud!
2026-05-26 19:08:19,421 - INFO - Laptop, ba korzina vorid shud!
2026-05-26 19:08:19,421 - INFO - Seb, ba korzina vorid shud!
2026-05-26 19:14:17,603 - INFO - Python Course, aded
2026-05-26 19:14:17,603 - INFO - Laptop, aded
2026-05-26 19:14:17,603 - INFO - Seb, aded
2026-05-26 19:14:17,603 - INFO - Bozi, aded
2026-05-26 19:14:17,603 - INFO - Laptop, sold!
2026-05-26 19:14:17,603 - INFO - Python Course, sold!
2026-05-26 19:14:17,603 - INFO - Python Course, ba korzina vorid shud!
2026-05-26 19:14:17,603 - INFO - Laptop, ba korzina vorid shud!
2026-05-26 19:14:17,603 - INFO - Seb, ba korzina vorid shud!
2026-05-26 19:14:53,275 - INFO - Python Course, aded
2026-05-26 19:14:53,275 - INFO - Laptop, aded
2026-05-26 19:14:53,275 - INFO - Seb, aded
2026-05-26 19:14:53,275 - INFO - Bozi, aded
2026-05-26 19:14:53,275 - INFO - Laptop, sold!
2026-05-26 19:14:53,275 - INFO - Python Course, sold!
2026-05-26 19:14:53,276 - INFO - Python Course, ba korzina vorid shud!
2026-05-26 19:14:53,276 - INFO - Laptop, ba korzina vorid shud!
2026-05-26 19:14:53,276 - INFO - Seb, ba korzina vorid shud!
2026-05-26 19:16:36,444 - INFO - Python Course, aded
2026-05-26 19:16:36,444 - INFO - Laptop, aded
2026-05-26 19:16:36,444 - INFO - Seb, aded
2026-05-26 19:16:36,444 - INFO - Bozi, aded
2026-05-26 19:16:36,444 - INFO - Laptop, sold!
2026-05-26 19:16:36,444 - INFO - Python Course, sold!
2026-05-26 19:16:36,444 - INFO - Python Course, ba korzina vorid shud!
2026-05-26 19:16:36,444 - INFO - Laptop, ba korzina vorid shud!
2026-05-26 19:16:36,444 - INFO - Seb, ba korzina vorid shud!
2026-05-26 19:16:37,848 - INFO - Python Course, aded
2026-05-26 19:16:37,849 - INFO - Laptop, aded
2026-05-26 19:16:37,849 - INFO - Seb, aded
2026-05-26 19:16:37,849 - INFO - Bozi, aded
2026-05-26 19:16:37,849 - INFO - Laptop, sold!
2026-05-26 19:16:37,849 - INFO - Python Course, sold!
2026-05-26 19:16:37,849 - INFO - Python Course, ba korzina vorid shud!
2026-05-26 19:16:37,849 - INFO - Laptop, ba korzina vorid shud!
2026-05-26 19:16:37,849 - INFO - Seb, ba korzina vorid shud!
2026-05-26 19:17:55,299 - INFO - Python Course, aded
2026-05-26 19:17:55,299 - INFO - Laptop, aded
2026-05-26 19:17:55,299 - INFO - Seb, aded
2026-05-26 19:17:55,300 - INFO - Bozi, aded
2026-05-26 19:17:55,300 - INFO - Laptop, sold!
2026-05-26 19:17:55,300 - INFO - Python Course, sold!
2026-05-26 19:17:55,300 - INFO - Python Course, ba korzina vorid shud!
2026-05-26 19:17:55,300 - INFO - Laptop, ba korzina vorid shud!
2026-05-26 19:17:55,300 - INFO - Seb, ba korzina vorid shud!
2026-05-26 19:24:20,594 - INFO - Python Course, aded
2026-05-26 19:24:20,594 - INFO - Laptop, aded
2026-05-26 19:24:20,594 - INFO - Seb, aded
2026-05-26 19:24:20,594 - INFO - Bozi, aded
2026-05-26 19:24:20,594 - INFO - Laptop, sold!
2026-05-26 19:24:20,594 - INFO - Python Course, sold!
2026-05-26 19:24:20,594 - INFO - Python Course, ba korzina vorid shud!
2026-05-26 19:24:20,595 - INFO - Laptop, ba korzina vorid shud!
2026-05-26 19:24:20,595 - INFO - Seb, ba korzina vorid shud!
2026-05-26 19:25:46,383 - INFO - Python Course, aded
2026-05-26 19:25:46,384 - INFO - Laptop, aded
2026-05-26 19:25:46,384 - INFO - Seb, aded
2026-05-26 19:25:46,384 - INFO - Bozi, aded
2026-05-26 19:25:46,384 - INFO - Laptop, sold!
2026-05-26 19:25:46,384 - INFO - Python Course, sold!
2026-05-26 19:25:46,384 - INFO - Python Course, ba korzina vorid shud!
2026-05-26 19:25:46,384 - INFO - Laptop, ba korzina vorid shud!
2026-05-26 19:25:46,384 - INFO - Seb, ba korzina vorid shud!
2026-05-26 19:28:33,404 - INFO - Python Course, aded
2026-05-26 19:28:33,404 - INFO - Laptop, aded
2026-05-26 19:28:33,404 - INFO - Seb, aded
2026-05-26 19:28:33,404 - INFO - Bozi, aded
2026-05-26 19:28:33,404 - INFO - Laptop, sold!
2026-05-26 19:28:33,404 - INFO - Python Course, sold!
2026-05-26 19:28:33,404 - INFO - Python Course, ba korzina vorid shud!
2026-05-26 19:28:33,404 - INFO - Laptop, ba korzina vorid shud!
2026-05-26 19:28:33,404 - INFO - Seb, ba korzina vorid shud!
2026-05-26 19:28:33,404 - INFO - Delivered
2026-05-26 19:29:16,302 - INFO - Python Course, aded
2026-05-26 19:29:16,302 - INFO - Laptop, aded
2026-05-26 19:29:16,302 - INFO - Seb, aded
2026-05-26 19:29:16,302 - INFO - Bozi, aded
2026-05-26 19:29:16,302 - INFO - Laptop, sold!
2026-05-26 19:29:16,302 - INFO - Python Course, sold!
2026-05-26 19:29:16,302 - INFO - Python Course, ba korzina vorid shud!
2026-05-26 19:29:16,302 - INFO - Laptop, ba korzina vorid shud!
2026-05-26 19:29:16,302 - INFO - Seb, ba korzina vorid shud!
2026-05-26 19:29:16,302 - INFO - Delivered
2026-05-26 19:30:11,515 - INFO - Python Course, aded
2026-05-26 19:30:11,515 - INFO - Laptop, aded
2026-05-26 19:30:11,515 - INFO - Seb, aded
2026-05-26 19:30:11,515 - INFO - Bozi, aded
2026-05-26 19:30:11,515 - INFO - Laptop, sold!
2026-05-26 19:30:11,515 - INFO - Python Course, sold!
2026-05-26 19:30:11,515 - INFO - Python Course, ba korzina vorid shud!
2026-05-26 19:30:11,515 - INFO - Laptop, ba korzina vorid shud!
2026-05-26 19:30:11,515 - INFO - Seb, ba korzina vorid shud!
2026-05-26 19:30:11,515 - INFO - Delivered
2026-05-26 19:30:11,515 - INFO - Product saved!
2026-05-26 19:31:12,182 - INFO - Python Course, aded
2026-05-26 19:31:12,182 - INFO - Laptop, aded
2026-05-26 19:31:12,182 - INFO - Seb, aded
2026-05-26 19:31:12,182 - INFO - Bozi, aded
2026-05-26 19:31:12,182 - INFO - Laptop, sold!
2026-05-26 19:31:12,182 - INFO - Python Course, sold!
2026-05-26 19:31:12,182 - INFO - Python Course, ba korzina vorid shud!
2026-05-26 19:31:12,182 - INFO - Laptop, ba korzina vorid shud!
2026-05-26 19:31:12,182 - INFO - Seb, ba korzina vorid shud!
2026-05-26 19:31:12,182 - INFO - Delivered
2026-05-26 19:31:12,182 - INFO - Product saved!
2026-05-26 19:34:57,567 - INFO - Python Course, aded
2026-05-26 19:34:57,567 - INFO - Laptop, aded
2026-05-26 19:34:57,567 - INFO - Seb, aded
2026-05-26 19:34:57,567 - INFO - Bozi, aded
2026-05-26 19:34:57,567 - INFO - Laptop, sold!
2026-05-26 19:34:57,567 - INFO - Python Course, sold!
2026-05-26 19:34:57,567 - INFO - Python Course, ba korzina vorid shud!
2026-05-26 19:34:57,567 - INFO - Laptop, ba korzina vorid shud!
2026-05-26 19:34:57,567 - INFO - Seb, ba korzina vorid shud!
2026-05-26 19:34:57,567 - INFO - Delivered
2026-05-26 19:34:57,567 - INFO - Product saved!
2026-05-26 19:35:46,822 - INFO - Python Course, aded
2026-05-26 19:35:46,822 - INFO - Laptop, aded
2026-05-26 19:35:46,822 - INFO - Seb, aded
2026-05-26 19:35:46,822 - INFO - Bozi, aded
2026-05-26 19:35:46,822 - INFO - Laptop, sold!
2026-05-26 19:35:46,822 - INFO - Python Course, sold!
2026-05-26 19:35:46,822 - INFO - Python Course, ba korzina vorid shud!
2026-05-26 19:35:46,822 - INFO - Laptop, ba korzina vorid shud!
2026-05-26 19:35:46,822 - INFO - Seb, ba korzina vorid shud!
2026-05-26 19:35:46,822 - INFO - Delivered
2026-05-26 19:35:46,822 - INFO - Product saved!
2026-05-26 19:36:38,164 - INFO - Python Course, aded
2026-05-26 19:36:38,164 - INFO - Laptop, aded
2026-05-26 19:36:38,164 - INFO - Seb, aded
2026-05-26 19:36:38,164 - INFO - Bozi, aded
2026-05-26 19:36:38,164 - INFO - Laptop, sold!
2026-05-26 19:36:38,164 - INFO - Python Course, sold!
2026-05-26 19:36:38,164 - INFO - Python Course, ba korzina vorid shud!
2026-05-26 19:36:38,164 - INFO - Laptop, ba korzina vorid shud!
2026-05-26 19:36:38,165 - INFO - Seb, ba korzina vorid shud!
2026-05-26 19:36:38,165 - INFO - Delivered
2026-05-26 19:36:38,165 - INFO - Product saved!
2026-05-26 19:36:38,165 - INFO - Product loaded!
2026-05-26 19:38:02,051 - INFO - Python Course, aded
2026-05-26 19:38:02,051 - INFO - Laptop, aded
2026-05-26 19:38:02,051 - INFO - Seb, aded
2026-05-26 19:38:02,051 - INFO - Bozi, aded
2026-05-26 19:38:02,051 - INFO - Laptop, sold!
2026-05-26 19:38:02,051 - INFO - Python Course, sold!
2026-05-26 19:38:02,051 - INFO - Python Course, ba korzina vorid shud!
2026-05-26 19:38:02,051 - INFO - Laptop, ba korzina vorid shud!
2026-05-26 19:38:02,051 - INFO - Seb, ba korzina vorid shud!
2026-05-26 19:38:02,051 - INFO - Delivered
2026-05-26 19:38:02,052 - INFO - Product saved!
2026-05-26 19:38:02,052 - INFO - Product loaded!
2026-05-26 19:38:02,052 - INFO - Seb, ba korzina vorid shud!
2026-05-26 19:38:02,052 - INFO - Python Course, ba korzina vorid shud!
2026-05-26 19:38:02,052 - INFO - Laptop, ba korzina vorid shud!
2026-05-26 19:38:28,579 - INFO - Python Course, aded
2026-05-26 19:38:28,579 - INFO - Laptop, aded
2026-05-26 19:38:28,579 - INFO - Seb, aded
2026-05-26 19:38:28,579 - INFO - Bozi, aded
2026-05-26 19:38:28,579 - INFO - Laptop, sold!
2026-05-26 19:38:28,579 - INFO - Python Course, sold!
2026-05-26 19:38:28,579 - INFO - Python Course, ba korzina vorid shud!
2026-05-26 19:38:28,579 - INFO - Laptop, ba korzina vorid shud!
2026-05-26 19:38:28,579 - INFO - Seb, ba korzina vorid shud!
2026-05-26 19:38:28,579 - INFO - Delivered
2026-05-26 19:38:28,579 - INFO - Product saved!
2026-05-26 19:38:28,579 - INFO - Product loaded!
2026-05-26 19:38:28,579 - INFO - Seb, ba korzina vorid shud!
2026-05-26 19:38:28,579 - INFO - Python Course, ba korzina vorid shud!
2026-05-26 19:38:28,579 - INFO - Laptop, ba korzina vorid shud!
2026-05-26 19:40:39,144 - INFO - Python Course, aded
2026-05-26 19:40:39,145 - INFO - Laptop, aded
2026-05-26 19:40:39,145 - INFO - Seb, aded
2026-05-26 19:40:39,145 - INFO - Bozi, aded
2026-05-26 19:40:39,145 - INFO - Laptop, sold!
2026-05-26 19:40:39,145 - INFO - Python Course, sold!
2026-05-26 19:40:39,145 - INFO - Python Course, ba korzina vorid shud!
2026-05-26 19:40:39,145 - INFO - Laptop, ba korzina vorid shud!
2026-05-26 19:40:39,145 - INFO - Seb, ba korzina vorid shud!
2026-05-26 19:40:39,145 - INFO - Delivered
2026-05-26 19:40:39,145 - INFO - Product saved!
2026-05-26 19:40:39,146 - INFO - Product loaded!
2026-05-26 19:40:39,146 - INFO - Seb, ba korzina vorid shud!
2026-05-26 19:40:39,146 - INFO - Python Course, ba korzina vorid shud!
2026-05-26 19:40:39,146 - INFO - Laptop, ba korzina vorid shud!
2026-05-26 19:41:20,221 - INFO - Python Course, aded
2026-05-26 19:41:20,222 - INFO - Laptop, aded
2026-05-26 19:41:20,222 - INFO - Seb, aded
2026-05-26 19:41:20,222 - INFO - Bozi, aded
2026-05-26 19:41:20,222 - INFO - Laptop, sold!
2026-05-26 19:41:20,222 - INFO - Python Course, sold!
2026-05-26 19:41:20,222 - INFO - Python Course, ba korzina vorid shud!
2026-05-26 19:41:20,222 - INFO - Laptop, ba korzina vorid shud!
2026-05-26 19:41:20,222 - INFO - Seb, ba korzina vorid shud!
2026-05-26 19:41:20,222 - INFO - Delivered
2026-05-26 19:41:20,222 - INFO - Product saved!
2026-05-26 19:41:20,222 - INFO - Product loaded!
2026-05-26 19:41:20,222 - INFO - Seb, ba korzina vorid shud!
2026-05-26 19:41:20,222 - INFO - Python Course, ba korzina vorid shud!
2026-05-26 19:41:20,222 - INFO - Laptop, ba korzina vorid shud!
2026-05-26 19:42:49,383 - INFO - Python Course, aded
2026-05-26 19:42:49,383 - INFO - Laptop, aded
2026-05-26 19:42:49,383 - INFO - Seb, aded
2026-05-26 19:42:49,383 - INFO - Bozi, aded
2026-05-26 19:42:49,383 - INFO - Laptop, sold!
2026-05-26 19:42:49,383 - INFO - Python Course, sold!
2026-05-26 19:42:49,383 - INFO - Python Course, ba korzina vorid shud!
2026-05-26 19:42:49,383 - INFO - Laptop, ba korzina vorid shud!
2026-05-26 19:42:49,383 - INFO - Seb, ba korzina vorid shud!
2026-05-26 19:42:49,384 - INFO - Delivered
2026-05-26 19:42:49,384 - INFO - Product saved!
2026-05-26 19:42:49,384 - INFO - Product loaded!
2026-05-26 19:42:49,384 - INFO - Seb, ba korzina vorid shud!
2026-05-26 19:42:49,384 - INFO - Python Course, ba korzina vorid shud!
2026-05-26 19:42:49,384 - INFO - Laptop, ba korzina vorid shud!
2026-05-26 19:51:31,448 - INFO - Python Course, aded
2026-05-26 19:51:31,448 - INFO - Laptop, aded
2026-05-26 19:51:31,448 - INFO - Seb, aded
2026-05-26 19:51:31,448 - INFO - Bozi, aded
2026-05-26 19:51:31,449 - INFO - Laptop, sold!
2026-05-26 19:51:31,449 - INFO - Python Course, sold!
2026-05-26 19:51:31,449 - INFO - Python Course, ba korzina vorid shud!
2026-05-26 19:51:31,449 - INFO - Laptop, ba korzina vorid shud!
2026-05-26 19:51:31,449 - INFO - Seb, ba korzina vorid shud!
2026-05-26 19:51:31,449 - INFO - Delivered
2026-05-26 19:51:31,449 - INFO - Product saved!
2026-05-26 19:51:31,449 - INFO - Product loaded!
2026-05-26 19:51:31,449 - INFO - Seb, ba korzina vorid shud!
2026-05-26 19:51:31,449 - INFO - Python Course, ba korzina vorid shud!
2026-05-26 19:51:31,449 - INFO - Laptop, ba korzina vorid shud!
2026-05-26 19:51:31,449 - INFO - Korzina xoli shud!
2026-05-26 19:55:10,158 - INFO - Python Course, aded
2026-05-26 19:55:10,158 - INFO - Laptop, aded
2026-05-26 19:55:10,158 - INFO - Seb, aded
2026-05-26 19:55:10,158 - INFO - Bozi, aded
2026-05-26 19:55:10,158 - INFO - Laptop, sold!
2026-05-26 19:55:10,158 - INFO - Python Course, sold!
2026-05-26 19:55:10,159 - INFO - Python Course, ba korzina vorid shud!
2026-05-26 19:55:10,159 - INFO - Laptop, ba korzina vorid shud!
2026-05-26 19:55:10,159 - INFO - Seb, ba korzina vorid shud!
2026-05-26 19:55:10,159 - INFO - Delivered
2026-05-26 19:55:10,159 - INFO - Product saved!
2026-05-26 19:55:10,159 - INFO - Product loaded!
2026-05-26 19:55:10,159 - INFO - Seb, ba korzina vorid shud!
2026-05-26 19:55:10,159 - INFO - Python Course, ba korzina vorid shud!
2026-05-26 19:55:10,159 - INFO - Laptop, ba korzina vorid shud!
2026-05-26 19:55:10,159 - INFO - Korzina xoli shud!
2026-05-26 19:55:31,097 - INFO - Python Course, aded
2026-05-26 19:55:31,097 - INFO - Laptop, aded
2026-05-26 19:55:31,097 - INFO - Seb, aded
2026-05-26 19:55:31,097 - INFO - Bozi, aded
2026-05-26 19:55:31,097 - INFO - Laptop, sold!
2026-05-26 19:55:31,097 - INFO - Python Course, sold!
2026-05-26 19:55:31,097 - INFO - Python Course, ba korzina vorid shud!
2026-05-26 19:55:31,097 - INFO - Laptop, ba korzina vorid shud!
2026-05-26 19:55:31,097 - INFO - Seb, ba korzina vorid shud!
2026-05-26 19:55:31,097 - INFO - Delivered
2026-05-26 19:55:31,097 - INFO - Product saved!
2026-05-26 19:55:31,098 - INFO - Product loaded!
2026-05-26 19:55:31,098 - INFO - Seb, ba korzina vorid shud!
2026-05-26 19:55:31,098 - INFO - Python Course, ba korzina vorid shud!
2026-05-26 19:55:31,098 - INFO - Laptop, ba korzina vorid shud!
2026-05-26 19:55:31,098 - INFO - Korzina xoli shud!
2026-05-28 11:23:38,126 - INFO - Python Course, aded
2026-05-28 11:23:38,127 - INFO - Laptop, aded
2026-05-28 11:23:38,127 - INFO - Seb, aded
2026-05-28 11:23:38,127 - INFO - Bozi, aded
2026-05-28 11:23:38,127 - INFO - Laptop, sold!
2026-05-28 11:23:38,127 - INFO - Python Course, sold!
2026-05-28 11:23:38,127 - INFO - Python Course, ba korzina vorid shud!
2026-05-28 11:23:38,127 - INFO - Laptop, ba korzina vorid shud!
2026-05-28 11:23:38,127 - INFO - Seb, ba korzina vorid shud!
2026-05-28 11:23:38,127 - INFO - Delivered
2026-05-28 11:23:38,128 - INFO - Product saved!
2026-05-28 11:23:38,128 - INFO - Product loaded!
2026-05-28 11:23:38,128 - INFO - Seb, ba korzina vorid shud!
2026-05-28 11:23:38,128 - INFO - Python Course, ba korzina vorid shud!
2026-05-28 11:23:38,128 - INFO - Laptop, ba korzina vorid shud!
2026-05-28 11:23:38,128 - INFO - Korzina xoli shud!
